# JRE version: OpenJDK Runtime Environment Temurin-17.0.2+8 (17.0.2+8) (build 17.0.2+8)
# Java VM: OpenJDK 64-Bit Server VM Temurin-17.0.2+8 (17.0.2+8, mixed mode, emulated-client, tiered, compressed oops, compressed class ptrs, g1 gc, windows-amd64)
GC Precious Log:
 CPUs: 8 total, 8 available
 Memory: 16122M
 Large Page Support: Disabled
 NUMA Support: Disabled
 Compressed Oops: Enabled (Zero based)
 Heap Region Size: 2M
 Heap Min Capacity: 8M
 Heap Initial Capacity: 252M
 Heap Max Capacity: 4032M
 Pre-touch: Disabled
 Parallel Workers: 8
 Concurrent Workers: 2
 Concurrent Refinement Workers: 8
 Periodic GC: Disabled
Heap:
 garbage-first heap   total 40960K, used 14609K [0x0000000704000000, 0x0000000800000000)
  region size 2048K, 2 young (4096K), 2 survivors (4096K)
 Metaspace       used 39107K, committed 40064K, reserved 1089536K
  class space    used 4909K, committed 5248K, reserved 1048576K
GC Heap History (20 events):
Event: 2973.282 GC heap after
{Heap after GC invocations=50 (full 19):
 garbage-first heap   total 40960K, used 11045K [0x0000000704000000, 0x0000000800000000)
  region size 2048K, 0 young (0K), 0 survivors (0K)
 Metaspace       used 38908K, committed 40064K, reserved 1089536K
  class space    used 4871K, committed 5248K, reserved 1048576K
}
Event: 2973.409 GC heap before
{Heap before GC invocations=50 (full 19):
 garbage-first heap   total 40960K, used 29477K [0x0000000704000000, 0x0000000800000000)
  region size 2048K, 9 young (18432K), 0 survivors (0K)
 Metaspace       used 38977K, committed 40064K, reserved 1089536K
  class space    used 4886K, committed 5248K, reserved 1048576K
}
Event: 2973.411 GC heap after
{Heap after GC invocations=51 (full 19):
 garbage-first heap   total 40960K, used 13152K [0x0000000704000000, 0x0000000800000000)
  region size 2048K, 2 young (4096K), 2 survivors (4096K)
 Metaspace       used 38977K, committed 40064K, reserved 1089536K
  class space    used 4886K, committed 5248K, reserved 1048576K
}
Event: 3089.587 GC heap before
{Heap before GC invocations=51 (full 19):
 garbage-first heap   total 40960K, used 27488K [0x0000000704000000, 0x0000000800000000)
  region size 2048K, 9 young (18432K), 2 survivors (4096K)
 Metaspace       used 39099K, committed 40064K, reserved 1089536K
  class space    used 4907K, committed 5248K, reserved 1048576K
}
Event: 3089.590 GC heap after
{Heap after GC invocations=52 (full 19):
 garbage-first heap   total 40960K, used 14787K [0x0000000704000000, 0x0000000800000000)
  region size 2048K, 2 young (4096K), 2 survivors (4096K)
 Metaspace       used 39099K, committed 40064K, reserved 1089536K
  class space    used 4907K, committed 5248K, reserved 1048576K
}
Event: 3319.065 GC heap before
{Heap before GC invocations=52 (full 19):
 garbage-first heap   total 40960K, used 20931K [0x0000000704000000, 0x0000000800000000)
  region size 2048K, 6 young (12288K), 2 survivors (4096K)
 Metaspace       used 39102K, committed 40064K, reserved 1089536K
  class space    used 4907K, committed 5248K, reserved 1048576K
}
Event: 3319.093 GC heap after
{Heap after GC invocations=53 (full 20):
 garbage-first heap   total 40960K, used 11190K [0x0000000704000000, 0x0000000800000000)
  region size 2048K, 0 young (0K), 0 survivors (0K)
 Metaspace       used 38987K, committed 40064K, reserved 1089536K
  class space    used 4881K, committed 5248K, reserved 1048576K
}
Event: 3319.238 GC heap before
{Heap before GC invocations=53 (full 20):
 garbage-first heap   total 40960K, used 27574K [0x0000000704000000, 0x0000000800000000)
  region size 2048K, 8 young (16384K), 0 survivors (0K)
 Metaspace       used 39059K, committed 40064K, reserved 1089536K
  class space    used 4897K, committed 5248K, reserved 1048576K
}
Event: 3319.240 GC heap after
{Heap after GC invocations=54 (full 20):
 garbage-first heap   total 40960K, used 13047K [0x0000000704000000, 0x0000000800000000)
  region size 2048K, 1 young (2048K), 1 survivors (2048K)
 Metaspace       used 39059K, committed 40064K, reserved 1089536K
  class space    used 4897K, committed 5248K, reserved 1048576K
}
Event: 3360.703 GC heap before
{Heap before GC invocations=54 (full 20):
 garbage-first heap   total 40960K, used 25335K [0x0000000704000000, 0x0000000800000000)
  region size 2048K, 8 young (16384K), 1 survivors (2048K)
 Metaspace       used 39095K, committed 40064K, reserved 1089536K
  class space    used 4905K, committed 5248K, reserved 1048576K
}
Event: 3360.738 GC heap after
{Heap after GC invocations=55 (full 21):
 garbage-first heap   total 40960K, used 12496K [0x0000000704000000, 0x0000000800000000)
  region size 2048K, 0 young (0K), 0 survivors (0K)
 Metaspace       used 39037K, committed 40064K, reserved 1089536K
  class space    used 4891K, committed 5248K, reserved 1048576K
}
Event: 3360.909 GC heap before
{Heap before GC invocations=55 (full 21):
 garbage-first heap   total 40960K, used 26832K [0x0000000704000000, 0x0000000800000000)
  region size 2048K, 8 young (16384K), 0 survivors (0K)
 Metaspace       used 39060K, committed 40064K, reserved 1089536K
  class space    used 4896K, committed 5248K, reserved 1048576K
}
Event: 3360.910 GC heap after
{Heap after GC invocations=56 (full 21):
 garbage-first heap   total 40960K, used 14045K [0x0000000704000000, 0x0000000800000000)
  region size 2048K, 1 young (2048K), 1 survivors (2048K)
 Metaspace       used 39060K, committed 40064K, reserved 1089536K
  class space    used 4896K, committed 5248K, reserved 1048576K
}
Event: 3528.472 GC heap before
{Heap before GC invocations=56 (full 21):
 garbage-first heap   total 40960K, used 28381K [0x0000000704000000, 0x0000000800000000)
  region size 2048K, 8 young (16384K), 1 survivors (2048K)
 Metaspace       used 39084K, committed 40064K, reserved 1089536K
  class space    used 4901K, committed 5248K, reserved 1048576K
}
Event: 3528.474 GC heap after
{Heap after GC invocations=57 (full 21):
 garbage-first heap   total 40960K, used 14534K [0x0000000704000000, 0x0000000800000000)
  region size 2048K, 1 young (2048K), 1 survivors (2048K)
 Metaspace       used 39084K, committed 40064K, reserved 1089536K
  class space    used 4901K, committed 5248K, reserved 1048576K
}
Event: 3552.928 GC heap before
{Heap before GC invocations=57 (full 21):
 garbage-first heap   total 40960K, used 14534K [0x0000000704000000, 0x0000000800000000)
  region size 2048K, 2 young (4096K), 1 survivors (2048K)
 Metaspace       used 39087K, committed 40064K, reserved 1089536K
  class space    used 4902K, committed 5248K, reserved 1048576K
}
Event: 3552.958 GC heap after
{Heap after GC invocations=58 (full 22):
 garbage-first heap   total 40960K, used 11140K [0x0000000704000000, 0x0000000800000000)
  region size 2048K, 0 young (0K), 0 survivors (0K)
 Metaspace       used 39005K, committed 40064K, reserved 1089536K
  class space    used 4887K, committed 5248K, reserved 1048576K
}
Event: 3553.102 GC heap before
{Heap before GC invocations=58 (full 22):
 garbage-first heap   total 40960K, used 29572K [0x0000000704000000, 0x0000000800000000)
  region size 2048K, 9 young (18432K), 0 survivors (0K)
 Metaspace       used 39072K, committed 40064K, reserved 1089536K
  class space    used 4901K, committed 5248K, reserved 1048576K
}
Event: 3553.104 GC heap after
{Heap after GC invocations=59 (full 22):
 garbage-first heap   total 40960K, used 13188K [0x0000000704000000, 0x0000000800000000)
  region size 2048K, 1 young (2048K), 1 survivors (2048K)
 Metaspace       used 39072K, committed 40064K, reserved 1089536K
  class space    used 4901K, committed 5248K, reserved 1048576K
}
Event: 3758.654 GC heap before
{Heap before GC invocations=59 (full 22):
 garbage-first heap   total 40960K, used 29572K [0x0000000704000000, 0x0000000800000000)
  region size 2048K, 9 young (18432K), 1 survivors (2048K)
 Metaspace       used 39107K, committed 40064K, reserved 1089536K
  class space    used 4909K, committed 5248K, reserved 1048576K
}

